<?xml version="1.0" encoding="UTF-8"?>
<!-- Generated by org.testng.reporters.JUnitXMLReporter -->
<testsuite hostname="SD" name="Default test" tests="3" failures="0" timestamp="10 Oct 2016 06:23:04 GMT" time="0.111" errors="0">
  <testcase name="playLost" time="0.017" classname="fr.p10.miage.rps.test.RockPaperScissorsTest"/>
  <testcase name="playTie" time="0.003" classname="fr.p10.miage.rps.test.RockPaperScissorsTest"/>
  <testcase name="playWin" time="0.003" classname="fr.p10.miage.rps.test.RockPaperScissorsTest"/>
</testsuite> <!-- Default test -->
